This is pdfTeX, Version 3.14159265-2.6-1.40.20 (TeX Live 2019) (preloaded format=pdflatex 2019.5.8)  28 OCT 2020 19:35
entering extended mode
 restricted \write18 enabled.
 file:line:error style messages enabled.
 %&-line parsing enabled.
**arcticgrids.tex
(./arcticgrids.tex
LaTeX2e <2018-12-01>
(./agujournal2019.cls
Document Class: agujournal2019 01/14/2019
(/usr/local/texlive/2019/texmf-dist/tex/latex/graphics/graphicx.sty
Package: graphicx 2017/06/01 v1.1a Enhanced LaTeX Graphics (DPC,SPQR)

(/usr/local/texlive/2019/texmf-dist/tex/latex/graphics/keyval.sty
Package: keyval 2014/10/28 v1.15 key=value parser (DPC)
\KV@toks@=\toks14
)
(/usr/local/texlive/2019/texmf-dist/tex/latex/graphics/graphics.sty
Package: graphics 2017/06/25 v1.2c Standard LaTeX Graphics (DPC,SPQR)

(/usr/local/texlive/2019/texmf-dist/tex/latex/graphics/trig.sty
Package: trig 2016/01/03 v1.10 sin cos tan (DPC)
)
(/usr/local/texlive/2019/texmf-dist/tex/latex/graphics-cfg/graphics.cfg
File: graphics.cfg 2016/06/04 v1.11 sample graphics configuration
)
Package graphics Info: Driver file: pdftex.def on input line 99.

(/usr/local/texlive/2019/texmf-dist/tex/latex/graphics-def/pdftex.def
File: pdftex.def 2018/01/08 v1.0l Graphics/color driver for pdftex
))
\Gin@req@height=\dimen102
\Gin@req@width=\dimen103
)
(/usr/local/texlive/2019/texmf-dist/tex/latex/xcolor/xcolor.sty
Package: xcolor 2016/05/11 v2.12 LaTeX color extensions (UK)

(/usr/local/texlive/2019/texmf-dist/tex/latex/graphics-cfg/color.cfg
File: color.cfg 2016/01/02 v1.6 sample color configuration
)
Package xcolor Info: Driver file: pdftex.def on input line 225.
Package xcolor Info: Model `cmy' substituted by `cmy0' on input line 1348.
Package xcolor Info: Model `hsb' substituted by `rgb' on input line 1352.
Package xcolor Info: Model `RGB' extended on input line 1364.
Package xcolor Info: Model `HTML' substituted by `rgb' on input line 1366.
Package xcolor Info: Model `Hsb' substituted by `hsb' on input line 1367.
Package xcolor Info: Model `tHsb' substituted by `hsb' on input line 1368.
Package xcolor Info: Model `HSB' substituted by `hsb' on input line 1369.
Package xcolor Info: Model `Gray' substituted by `gray' on input line 1370.
Package xcolor Info: Model `wave' substituted by `hsb' on input line 1371.
)
(/usr/local/texlive/2019/texmf-dist/tex/latex/url/url.sty
\Urlmuskip=\muskip10
Package: url 2013/09/16  ver 3.4  Verb mode for urls, etc.
)
(/usr/local/texlive/2019/texmf-dist/tex/latex/lineno/lineno.sty
Package: lineno 2005/11/02 line numbers on paragraphs v4.41
\linenopenalty=\count80
\output=\toks15
\linenoprevgraf=\count81
\linenumbersep=\dimen104
\linenumberwidth=\dimen105
\c@linenumber=\count82
\c@pagewiselinenumber=\count83
\c@LN@truepage=\count84
\c@internallinenumber=\count85
\c@internallinenumbers=\count86
\quotelinenumbersep=\dimen106
\bframerule=\dimen107
\bframesep=\dimen108
\bframebox=\box27
LaTeX Info: Redefining \\ on input line 3056.
)
(/usr/local/texlive/2019/texmf-dist/tex/latex/tools/indentfirst.sty
Package: indentfirst 1995/11/23 v1.03 Indent first paragraph (DPC)
)
(/usr/local/texlive/2019/texmf-dist/tex/latex/ms/ragged2e.sty
Package: ragged2e 2009/05/21 v2.1 ragged2e Package (MS)

(/usr/local/texlive/2019/texmf-dist/tex/latex/ms/everysel.sty
Package: everysel 2011/10/28 v1.2 EverySelectfont Package (MS)
)
\CenteringLeftskip=\skip41
\RaggedLeftLeftskip=\skip42
\RaggedRightLeftskip=\skip43
\CenteringRightskip=\skip44
\RaggedLeftRightskip=\skip45
\RaggedRightRightskip=\skip46
\CenteringParfillskip=\skip47
\RaggedLeftParfillskip=\skip48
\RaggedRightParfillskip=\skip49
\JustifyingParfillskip=\skip50
\CenteringParindent=\skip51
\RaggedLeftParindent=\skip52
\RaggedRightParindent=\skip53
\JustifyingParindent=\skip54
)
(/usr/local/texlive/2019/texmf-dist/tex/latex/graphics/rotating.sty
Package: rotating 2016/08/11 v2.16d rotated objects in LaTeX

(/usr/local/texlive/2019/texmf-dist/tex/latex/base/ifthen.sty
Package: ifthen 2014/09/29 v1.1c Standard LaTeX ifthen package (DPC)
)
\c@r@tfl@t=\count87
\rotFPtop=\skip55
\rotFPbot=\skip56
\rot@float@box=\box28
\rot@mess@toks=\toks16
)
\draftskip=\count88
\c@section=\count89
\c@subsection=\count90
\c@subsubsection=\count91
\c@paragraph=\count92
\c@subparagraph=\count93
\c@figure=\count94
\c@table=\count95
\abovecaptionskip=\skip57
\belowcaptionskip=\skip58
\c@appendnum=\count96
\bibindent=\dimen109

(/usr/local/texlive/2019/texmf-dist/tex/latex/apacite/apacite.sty
Package: apacite 2013/07/21 v6.03 APA citation
\c@BibCnt=\count97
\bibleftmargin=\skip59
\bibindent=\skip60
\bibparsep=\skip61
\bibitemsep=\skip62
\biblabelsep=\skip63
))
(./trackchanges.sty
Package: trackchanges 2009/04/22 v0.7.0 TrackChanges file 

(/usr/local/texlive/2019/texmf-dist/tex/latex/tools/calc.sty
Package: calc 2017/05/25 v4.3 Infix arithmetic (KKT,FJ)
\calc@Acount=\count98
\calc@Bcount=\count99
\calc@Adimen=\dimen110
\calc@Bdimen=\dimen111
\calc@Askip=\skip64
\calc@Bskip=\skip65
LaTeX Info: Redefining \setlength on input line 80.
LaTeX Info: Redefining \addtolength on input line 81.
\calc@Ccount=\count100
\calc@Cskip=\skip66
)
(/usr/local/texlive/2019/texmf-dist/tex/latex/soul/soul.sty
Package: soul 2003/11/17 v2.4 letterspacing/underlining (mf)
\SOUL@word=\toks17
\SOUL@lasttoken=\toks18
\SOUL@cmds=\toks19
\SOUL@buffer=\toks20
\SOUL@token=\toks21
\SOUL@spaceskip=\skip67
\SOUL@ttwidth=\dimen112
\SOUL@uldp=\dimen113
\SOUL@ulht=\dimen114
)
(/usr/local/texlive/2019/texmf-dist/tex/latex/morefloats/morefloats.sty
Package: morefloats 2015/07/22 v1.0h Raise limit of unprocessed floats (HMM)

(/usr/local/texlive/2019/texmf-dist/tex/latex/oberdiek/kvoptions.sty
Package: kvoptions 2016/05/16 v3.12 Key value format for package options (HO)

(/usr/local/texlive/2019/texmf-dist/tex/generic/oberdiek/ltxcmds.sty
Package: ltxcmds 2016/05/16 v1.23 LaTeX kernel commands for general use (HO)
)
(/usr/local/texlive/2019/texmf-dist/tex/generic/oberdiek/kvsetkeys.sty
Package: kvsetkeys 2016/05/16 v1.17 Key value parser (HO)

(/usr/local/texlive/2019/texmf-dist/tex/generic/oberdiek/infwarerr.sty
Package: infwarerr 2016/05/16 v1.4 Providing info/warning/error messages (HO)
)
(/usr/local/texlive/2019/texmf-dist/tex/generic/oberdiek/etexcmds.sty
Package: etexcmds 2016/05/16 v1.6 Avoid name clashes with e-TeX commands (HO)

(/usr/local/texlive/2019/texmf-dist/tex/generic/oberdiek/ifluatex.sty
Package: ifluatex 2016/05/16 v1.4 Provides the ifluatex switch (HO)
Package ifluatex Info: LuaTeX not detected.
))))
Package morefloats Info: Maximum number of possible floats asked for: 36
(morefloats)             (i.e. 18 more floats).
(morefloats)             LaTeX might run out of memory before this
(morefloats)             (in which case it will notify you).
)
\c@userid=\count101
\c@changenumber=\count102
\c@storefootnote=\count103
\c@numeditors=\count104
\c@maxeditors=\count105
)
(./arcticgrids.aux)
\openout1 = `arcticgrids.aux'.

LaTeX Font Info:    Checking defaults for OML/cmm/m/it on input line 68.
LaTeX Font Info:    ... okay on input line 68.
LaTeX Font Info:    Checking defaults for T1/cmr/m/n on input line 68.
LaTeX Font Info:    ... okay on input line 68.
LaTeX Font Info:    Checking defaults for OT1/cmr/m/n on input line 68.
LaTeX Font Info:    ... okay on input line 68.
LaTeX Font Info:    Checking defaults for OMS/cmsy/m/n on input line 68.
LaTeX Font Info:    ... okay on input line 68.
LaTeX Font Info:    Checking defaults for OMX/cmex/m/n on input line 68.
LaTeX Font Info:    ... okay on input line 68.
LaTeX Font Info:    Checking defaults for U/cmr/m/n on input line 68.
LaTeX Font Info:    ... okay on input line 68.

(/usr/local/texlive/2019/texmf-dist/tex/context/base/mkii/supp-pdf.mkii
[Loading MPS to PDF converter (version 2006.09.02).]
\scratchcounter=\count106
\scratchdimen=\dimen115
\scratchbox=\box29
\nofMPsegments=\count107
\nofMParguments=\count108
\everyMPshowfont=\toks22
\MPscratchCnt=\count109
\MPscratchDim=\dimen116
\MPnumerator=\count110
\makeMPintoPDFobject=\count111
\everyMPtoPDFconversion=\toks23
) (/usr/local/texlive/2019/texmf-dist/tex/latex/oberdiek/epstopdf-base.sty
Package: epstopdf-base 2016/05/15 v2.6 Base part for package epstopdf

(/usr/local/texlive/2019/texmf-dist/tex/latex/oberdiek/grfext.sty
Package: grfext 2016/05/16 v1.2 Manage graphics extensions (HO)

(/usr/local/texlive/2019/texmf-dist/tex/generic/oberdiek/kvdefinekeys.sty
Package: kvdefinekeys 2016/05/16 v1.4 Define keys (HO)
))
(/usr/local/texlive/2019/texmf-dist/tex/generic/oberdiek/pdftexcmds.sty
Package: pdftexcmds 2018/09/10 v0.29 Utility functions of pdfTeX for LuaTeX (HO
)

(/usr/local/texlive/2019/texmf-dist/tex/generic/oberdiek/ifpdf.sty
Package: ifpdf 2018/09/07 v3.3 Provides the ifpdf switch
)
Package pdftexcmds Info: LuaTeX not detected.
Package pdftexcmds Info: \pdf@primitive is available.
Package pdftexcmds Info: \pdf@ifprimitive is available.
Package pdftexcmds Info: \pdfdraftmode found.
)
Package epstopdf-base Info: Redefining graphics rule for `.eps' on input line 4
38.
Package grfext Info: Graphics extension search list:
(grfext)             [.pdf,.png,.jpg,.mps,.jpeg,.jbig2,.jb2,.PDF,.PNG,.JPG,.JPE
G,.JBIG2,.JB2,.eps]
(grfext)             \AppendGraphicsExtensions on input line 456.

(/usr/local/texlive/2019/texmf-dist/tex/latex/latexconfig/epstopdf-sys.cfg
File: epstopdf-sys.cfg 2010/07/13 v1.3 Configuration of (r)epstopdf for TeX Liv
e
))
ABD: EverySelectfont initializing macros
LaTeX Info: Redefining \selectfont on input line 68.
\c@maskedRefs=\count112

(/usr/local/texlive/2019/texmf-dist/tex/latex/apacite/english.apc
File: english.apc 2013/07/21 v6.03 apacite language file
LaTeX Info: Redefining \BPBI on input line 129.
LaTeX Info: Redefining \BHBI on input line 130.
)
LaTeX Font Info:    External font `cmex10' loaded for size
(Font)              <7> on input line 102.
LaTeX Font Info:    External font `cmex10' loaded for size
(Font)              <5> on input line 102.
LaTeX Font Info:    External font `cmex10' loaded for size
(Font)              <8> on input line 104.
LaTeX Font Info:    External font `cmex10' loaded for size
(Font)              <6> on input line 104.
 [1{/usr/local/texlive/2019/texmf-var/fonts/map/pdftex/updmap/pdftex.map}]

LaTeX Font Warning: Font shape `OT1/cmr/m/n' in size <10.5> not available
(Font)              size <10.95> substituted on input line 171.


LaTeX Font Warning: Font shape `OT1/cmr/bx/n' in size <10.5> not available
(Font)              size <10.95> substituted on input line 171.


Overfull \hbox (14.04343pt too wide) in paragraph at lines 184--185
[]\OT1/cmr/m/n/10 General Cir-cu-la-tion Mod-els (GCMs) are a pow-er-ful tool f
or un-der-stand-ing the me- 
 []


Overfull \hbox (13.71016pt too wide) in paragraph at lines 184--185
\OT1/cmr/m/n/10 te-o-rol-ogy and cli-mate of the poles, which are among the mos
t sen-si-tive re-gions on Earth 
 []


Overfull \hbox (3.94624pt too wide) in paragraph at lines 184--185
\OT1/cmr/m/n/10 to global and en-vi-ron-men-tal change. De-spite their im-por-t
ance, the nu-mer-ics of GCMs 
 []


Overfull \hbox (6.94907pt too wide) in paragraph at lines 184--185
\OT1/cmr/m/n/10 have had to grap-ple with the \OT1/cmr/m/it/10 pole-problem []\
OT1/cmr/m/n/10 Williamson, 2007), an eco-nomic bot-tle-neck 
 []


Overfull \hbox (7.68245pt too wide) in paragraph at lines 184--185
\OT1/cmr/m/n/10 aris-ing from the con-ver-gence of merid-i-ans into a po-lar si
n-gu-lar-ity on latitude-longitude 
 []


Overfull \hbox (9.51569pt too wide) in paragraph at lines 184--185
\OT1/cmr/m/n/10 grids. In the 1970's this is-sue was largely de-feated through 
wide-spread adap-tion of the 
 []


Overfull \hbox (14.66852pt too wide) in paragraph at lines 184--185
\OT1/cmr/m/n/10 spec-tral trans-form method in GCMs, which trans-forms grid poi
nt fields into an isotropic 
 []


Overfull \hbox (28.4601pt too wide) in paragraph at lines 184--185
\OT1/cmr/m/n/10 rep-re-sen-ta-tion in wave space. But as com-put-ing power has 
in-creased, lo-cal nu-mer-i-cal meth- 
 []


Overfull \hbox (0.51569pt too wide) in paragraph at lines 184--185
\OT1/cmr/m/n/10 ods have be-come more de-sir-able for their abil-ity to run ef-
fi-ciently on mas-sively par-al- 
 []


Overfull \hbox (9.54341pt too wide) in paragraph at lines 184--185
\OT1/cmr/m/n/10 lel sys-tems. The pole-problem has thus re-emerged in con-tem-p
o-rary cli-mate mod-els us- 
 []


Overfull \hbox (12.73799pt too wide) in paragraph at lines 184--185
\OT1/cmr/m/n/10 ing latitude-longitude grids, and some com-bi-na-tion of re-duc
ed grids and po-lar fil-ters are 
 []


Overfull \hbox (4.8769pt too wide) in paragraph at lines 184--185
\OT1/cmr/m/n/10 nec-es-sary to sub-due this in-sta-bil-ity []Jablonowski & Will
iamson, 2011). An al-ter-na-tive 
 []


Overfull \hbox (21.96016pt too wide) in paragraph at lines 184--185
\OT1/cmr/m/n/10 ap-proach is to use un-struc-tured grids. Un-struc-tured grids 
per-mit quasi-uniform grid spac- 
 []


Overfull \hbox (42.65471pt too wide) in paragraph at lines 184--185
\OT1/cmr/m/n/10 ing glob-ally, thereby elim-i-nat-ing the pole-problem. They al
-low for more flex-i-ble grid-structures 
 []


Overfull \hbox (17.09914pt too wide) in paragraph at lines 184--185
\OT1/cmr/m/n/10 than latitude-longitude grids, and can sup-port re-gional grid 
re-fine-ment that may be used 
 []


Overfull \hbox (2.59904pt too wide) in paragraph at lines 184--185
\OT1/cmr/m/n/10 to cap-ture higher res-o-lu-tion in the po-lar re-gions. Re-gio
nal re-fine-ment of po-lar re-gions 
 []


Overfull \hbox (7.71016pt too wide) in paragraph at lines 184--185
\OT1/cmr/m/n/10 may be de-sir-able as latitude-longitude grids, by virtue of th
e con-ver-gence of merid-i-ans, 
 []


Overfull \hbox (8.90463pt too wide) in paragraph at lines 184--185
\OT1/cmr/m/n/10 have higher hor-i-zon-tal res-o-lu-tion in po-lar re-gions com-
pared to quasi-uniform grids con- 
 []


Overfull \hbox (16.23683pt too wide) in paragraph at lines 186--187
[]\OT1/cmr/m/n/10 The Com-mu-nity Earth Sys-tem Model, ver-sion 2.2 (CESM; $\OT
1/cmtt/m/n/10 http :// www [] .cesm [] .ucar [] 
 []


Overfull \hbox (13.68135pt too wide) in paragraph at lines 186--187
\OT1/cmtt/m/n/10 .edu / models / cesm2 /$\OT1/cmr/m/n/10 ) sup-ports a di-verse
 num-ber of at-mo-spheric dy-nam-i-cal cores (here- 
 []


Overfull \hbox (2.17505pt too wide) in paragraph at lines 186--187
\OT1/cmr/m/n/10 after re-ferred to as \OT1/cmr/m/it/10 dy-cores\OT1/cmr/m/n/10 
). These range from dy-cores us-ing latitude-longitude grids, 
 []


Overfull \hbox (5.40465pt too wide) in paragraph at lines 186--187
\OT1/cmr/m/n/10 the finite-volume []FV; Lin, 2004) and eu-le-rian spec-tral tra
ns-form []EUL; Collins et al.[], 
 []


Overfull \hbox (4.43237pt too wide) in paragraph at lines 186--187
\OT1/cmr/m/n/10 2006) mod-els, and dy-cores built on un-struc-tured grids, the 
spectral-element []SE; Lau- 
 []


Overfull \hbox (3.40466pt too wide) in paragraph at lines 186--187
\OT1/cmr/m/n/10 ritzen et al.[], 2018) and finite-volume 3 []FV3; Put-man & Lin
, 2007) mod-els. The EUL 
 []


Overfull \hbox (24.34904pt too wide) in paragraph at lines 186--187
\OT1/cmr/m/n/10 dy-core is the old-est dy-core in the Com-mu-nity At-mo-sphere 
Model (CAM), the at-mo-spheric 
 []


Overfull \hbox (2.18231pt too wide) in paragraph at lines 186--187
\OT1/cmr/m/n/10 com-po-nent of CESM, and is the least sup-ported of all the dy-
cores. FV3 is the newest 
 []


Overfull \hbox (11.87685pt too wide) in paragraph at lines 186--187
\OT1/cmr/m/n/10 dy-core in CESM, but it was not fully in-cor-po-rated into the 
model at the time this work 
 []


Overfull \hbox (23.96016pt too wide) in paragraph at lines 186--187
\OT1/cmr/m/n/10 com-menced, and so is omit-ted from this study. The au-thors in
-stead fo-cus on the two most 
 []


Overfull \hbox (5.93231pt too wide) in paragraph at lines 186--187
\OT1/cmr/m/n/10 well sup-ported dy-cores in CESM, SE and FV. The goal of this s
tudy is to char-ac-ter-ize 
 []


Overfull \hbox (7.62677pt too wide) in paragraph at lines 186--187
\OT1/cmr/m/n/10 the rep-re-sen-ta-tion of po-lar re-gions us-ing the SE and FV 
dy-cores, as these mod-els treat 
 []


Overfull \hbox (0.23787pt too wide) in paragraph at lines 188--189
[]\OT1/cmr/m/n/10 The Arc-tic re-gion has unique ge-og-ra-phy con-sist-ing of a
 po-lar ocean capped in a 
 []


Overfull \hbox (20.84897pt too wide) in paragraph at lines 188--189
\OT1/cmr/m/n/10 layer of sea ice, par-tially en-cir-cled by the north-ern coast
s of the north-ern hemi-sphere con- 
 []


Overfull \hbox (12.57118pt too wide) in paragraph at lines 188--189
\OT1/cmr/m/n/10 ti-nents and the large is-land of Green-land. Green-land is cov
-ered in a kilo-me-ters thick ice 
 []


Overfull \hbox (22.29344pt too wide) in paragraph at lines 188--189
\OT1/cmr/m/n/10 sheet, and re-ceives a sub-stan-tial por-tion of its snow-fall 
from synoptic-scale storms travers- 
 []


Overfull \hbox (6.29338pt too wide) in paragraph at lines 188--189
\OT1/cmr/m/n/10 ing up the east-ern sea-board of North Amer-ica, and steered in
 the di-rec-tion of the Ice- 
 []


Overfull \hbox (14.36281pt too wide) in paragraph at lines 188--189
\OT1/cmr/m/n/10 landic low. Kata-batic winds ac-cel-er-ate down the steep slope
s of the Green-land Ice Sheet 
 []


Overfull \hbox (22.50182pt too wide) in paragraph at lines 188--189
\OT1/cmr/m/n/10 (GrIS) in episodic bursts that can clear out sea ice from its f
jords and sur-round-ing coastal 
 []


Overfull \hbox (10.68234pt too wide) in paragraph at lines 188--189
\OT1/cmr/m/n/10 re-gion. Large vol-umes of fresh wa-ter are drained into the oc
ean through river out-lets in 
 []


Overfull \hbox (11.76569pt too wide) in paragraph at lines 188--189
\OT1/cmr/m/n/10 Canada and Rus-sia, ice dis-charge and melt wa-ter runoff from 
the nar-row ab-la-tion zones 
 []


Overfull \hbox (12.00177pt too wide) in paragraph at lines 188--189
\OT1/cmr/m/n/10 of GrIS. Po-lar Lows form dur-ing the cold sea-son and their ga
le-speed winds can kick up 
 []


Overfull \hbox (10.62672pt too wide) in paragraph at lines 188--189
\OT1/cmr/m/n/10 large waves and pose a haz-ard to mariners' and coastal com-mu-
ni-ties. These Arc-tic pro- 
 []


Overfull \hbox (14.33499pt too wide) in paragraph at lines 188--189
\OT1/cmr/m/n/10 cesses have proven chal-leng-ing to rep-re-sent in GCMs, pri-ma
r-ily due to the fine-scales in- 
 []


Overfull \hbox (24.55759pt too wide) in paragraph at lines 188--189
\OT1/cmr/m/n/10 volved []Bromwich et al.[], 2001; Smirnova & Gol-ubkin, 2017; v
an Kam-p-en-hout et al.[], 2018). 
 []


Overfull \hbox (5.62668pt too wide) in paragraph at lines 188--189
\OT1/cmr/m/n/10 As such, the Arc-tic serves as a chal-leng-ing test-bed for com
-par-ing the sim-u-lated me-te- 
 []


Underfull \vbox (badness 10000) has occurred while \output is active []

 [2]
Overfull \hbox (17.75165pt too wide) in paragraph at lines 190--191
[]\OT1/cmr/m/n/10 The FV dy-core is as-sessed us-ing grids with $^^A\OML/cmm/m/
it/10 x$ \OT1/cmr/m/n/10 of $1[]$ and $2[]$ grid spac-ing ($^^A\OML/cmm/m/it/10
 x$ \OT1/cmr/m/n/10 refers 
 []


Overfull \hbox (19.58513pt too wide) in paragraph at lines 190--191
\OT1/cmr/m/n/10 to the av-er-age equa-to-rial grid spac-ing). These are com-par
ed to the equiv-a-lent $1[]$ SE grid, 
 []


Overfull \hbox (6.82123pt too wide) in paragraph at lines 190--191
\OT1/cmr/m/n/10 re-ferred to as ne30pg3. This grid does not re-fer to the SE dy
-core proper, but a vari-ant 
 []


Overfull \hbox (5.82124pt too wide) in paragraph at lines 190--191
\OT1/cmr/m/n/10 in which the dry dy-nam-ics are solved us-ing the SE method, an
d tracer ad-vec-tion com- 
 []


Overfull \hbox (14.54356pt too wide) in paragraph at lines 190--191
\OT1/cmr/m/n/10 puted us-ing the con-ser-va-tive semi-Lagrangian ad-vec-tion me
thod []SE-CSLAM; Lau-ritzen 
 []


Overfull \hbox (9.48793pt too wide) in paragraph at lines 190--191
\OT1/cmr/m/n/10 et al.[], 2017). In SE-CSLAM the phys-i-cal pa-ram-e-ter-i-za-t
ions are com-puted on the finite- 
 []


Overfull \hbox (18.93243pt too wide) in paragraph at lines 190--191
\OT1/cmr/m/n/10 volume tracer ad-vec-tion grid. Op-tion-ally, one can com-pute 
the physics on a finite-volume 
 []


Overfull \hbox (9.71005pt too wide) in paragraph at lines 190--191
\OT1/cmr/m/n/10 of the SE dy-core dis-cussed herein are avail-able as part of t
he CESM2.2 re-lease. A com- 
 []


Overfull \hbox (4.57123pt too wide) in paragraph at lines 190--191
\OT1/cmr/m/n/10 par-i-son of the lower-resolution physics grid ver-sion of ne30
pg3, re-ferred to as ne30pg2, 
 []


Overfull \hbox (0.43233pt too wide) in paragraph at lines 192--193
[]\OT1/cmr/m/n/10 The SE dy-core (not SE-CSLAM) sup-ports re-gional grid re-fin
e-ment via it's vari- 
 []


Overfull \hbox (10.01569pt too wide) in paragraph at lines 192--193
\OT1/cmr/m/n/10 able res-o-lu-tion con-fig-u-ra-tion. Two vari-able res-o-lu-ti
on meshes were de-vel-oped as part of 
 []


Overfull \hbox (5.40445pt too wide) in paragraph at lines 192--193
\OT1/cmr/m/n/10 the CESM2.2 re-lease that con-tains grid re-fine-ment over the 
Arc-tic. The ARC-TIC grid 
 []


Overfull \hbox (19.47398pt too wide) in paragraph at lines 192--193
\OT1/cmr/m/n/10 The ARC-TIC-GRIS grid is sim-i-lar to the ARC-TIC grid, but ad-
di-tion-ally con-tains a patch 
 []


Overfull \hbox (7.78355pt too wide) in paragraph at lines 192--193
\OT1/cmr/m/n/10 cov-er-ing the big is-land of Green-land with $^^A\OML/cmm/m/it
/10 x \OT1/cmr/m/n/10 = [][]$ res-o-lu-tion. The Arc-tic re-fined grids 
 []


Overfull \hbox (9.34897pt too wide) in paragraph at lines 192--193
\OT1/cmr/m/n/10 are de-picted in Fig-ure 1[], and are avail-able as part of the
 CESM2.2 re-lease. The sur-face 
 []


Overfull \hbox (13.05731pt too wide) in paragraph at lines 192--193
\OT1/cmr/m/n/10 mass bal-ance of the GrIS is com-pared across all grids and dy-
cores in this study, and the 
 []


Overfull \hbox (7.37677pt too wide) in paragraph at lines 194--195
[]\OT1/cmr/m/n/10 The study is laid out as fol-lows. Sec-tion 2[] con-sists of 
doc-u-men-ta-tion of the grids, 
 []


Overfull \hbox (14.0434pt too wide) in paragraph at lines 194--195
\OT1/cmr/m/n/10 dy-cores and phys-i-cal pa-ram-e-ter-i-za-tions used in this st
udy. The Arc-tic re-fined grids were 
 []


Overfull \hbox (20.48795pt too wide) in paragraph at lines 194--195
\OT1/cmr/m/n/10 de-vel-oped by the au-thor, and this sec-tion serves as their o
f-fi-cial doc-u-men-ta-tion. Sec-tion 2[] 
 []


Overfull \hbox (12.54352pt too wide) in paragraph at lines 194--195
\OT1/cmr/m/n/10 also con-tains a de-scrip-tion of the ex-per-i-ments along with
 the ob-ser-va-tional datasets and 
 []


Overfull \hbox (3.51567pt too wide) in paragraph at lines 194--195
\OT1/cmr/m/n/10 post-processing soft-ware used for val-i-dat-ing the mod-els. S
ec-tion 3[] con-tains the re-sults 
 []

<figs/grid-ARCTIC.pdf, id=22, 442.08696pt x 441.87634pt>
File: figs/grid-ARCTIC.pdf Graphic file (type pdf)
<use figs/grid-ARCTIC.pdf>
Package pdftex.def Info: figs/grid-ARCTIC.pdf  used on input line 199.
(pdftex.def)             Requested size: 170.71652pt x 170.63197pt.
<figs/grid-ARCTICGRIS.pdf, id=23, 442.83295pt x 442.17877pt>
File: figs/grid-ARCTICGRIS.pdf Graphic file (type pdf)
<use figs/grid-ARCTICGRIS.pdf>
Package pdftex.def Info: figs/grid-ARCTICGRIS.pdf  used on input line 200.
(pdftex.def)             Requested size: 170.71652pt x 170.46538pt.
<figs/grid-f19.pdf, id=24, 439.68887pt x 439.912pt>
File: figs/grid-f19.pdf Graphic file (type pdf)
<use figs/grid-f19.pdf>
Package pdftex.def Info: figs/grid-f19.pdf  used on input line 210.
(pdftex.def)             Requested size: 170.71652pt x 170.79976pt.
<figs/grid-f09.pdf, id=25, 439.68668pt x 439.35431pt>
File: figs/grid-f09.pdf Graphic file (type pdf)
<use figs/grid-f09.pdf>
Package pdftex.def Info: figs/grid-f09.pdf  used on input line 211.
(pdftex.def)             Requested size: 170.71652pt x 170.58994pt.
<figs/grid-ne30pg2.pdf, id=26, 439.96004pt x 439.26027pt>
File: figs/grid-ne30pg2.pdf Graphic file (type pdf)
<use figs/grid-ne30pg2.pdf>
Package pdftex.def Info: figs/grid-ne30pg2.pdf  used on input line 212.
(pdftex.def)             Requested size: 170.71652pt x 170.44618pt.
<figs/grid-ne30pg3.pdf, id=27, 439.8048pt x 439.78513pt>
File: figs/grid-ne30pg3.pdf Graphic file (type pdf)
<use figs/grid-ne30pg3.pdf>
Package pdftex.def Info: figs/grid-ne30pg3.pdf  used on input line 213.
(pdftex.def)             Requested size: 170.71652pt x 170.71024pt.

Underfull \vbox (badness 10000) has occurred while \output is active []

 [3 <./figs/grid-ARCTIC.pdf> <./figs/grid-ARCTICGRIS.pdf>]
<figs/temp_tseries_GRIS.pdf, id=49, 547.96866pt x 501.91295pt>
File: figs/temp_tseries_GRIS.pdf Graphic file (type pdf)
<use figs/temp_tseries_GRIS.pdf>
Package pdftex.def Info: figs/temp_tseries_GRIS.pdf  used on input line 258.
(pdftex.def)             Requested size: 284.52756pt x 260.62096pt.
<figs/temp_violens.pdf, id=50, 547.8212pt x 209.21pt>
File: figs/temp_violens.pdf Graphic file (type pdf)
<use figs/temp_violens.pdf>
Package pdftex.def Info: figs/temp_violens.pdf  used on input line 266.
(pdftex.def)             Requested size: 369.88582pt x 141.25853pt.

Overfull \hbox (16.82123pt too wide) in paragraph at lines 453--456
\OT1/cmr/m/n/10 This ma-te-rial is based upon work sup-ported by the Na-tional 
Cen-ter for At-mo-spheric Re- 
 []


Overfull \hbox (23.29344pt too wide) in paragraph at lines 453--456
\OT1/cmr/m/n/10 search (NCAR), which is a ma-jor fa-cil-ity spon-sored by the N
SF un-der Co-op-er-a-tive Agree- 
 []


Overfull \hbox (1.84904pt too wide) in paragraph at lines 453--456
\OT1/cmr/m/n/10 ment 1852977. Com-put-ing and data stor-age re-sources, in-clud
-ing the Cheyenne su-per- 
 []


Overfull \hbox (12.73807pt too wide) in paragraph at lines 453--456
\OT1/cmr/m/n/10 com-puter (doi:10.5065/D6RX99HX), were pro-vided by the Com-pu-
ta-tional and In-for-ma- 
 []


Overfull \vbox (184.15733pt too high) has occurred while \output is active []


[4 <./figs/grid-f19.pdf> <./figs/grid-f09.pdf> <./figs/grid-ne30pg2.pdf> <./fig
s/grid-ne30pg3.pdf>]
Overfull \hbox (32.23634pt too wide) in paragraph at lines 457--458
[]\OT1/cmr/m/n/10 The data pre-sented in this manuscript is avail-able at $\OT1
/cmtt/m/n/10 https :// github [] .com / adamrher / 
 []

(./arcticgrids.bbl
Underfull \hbox (badness 10000) in paragraph at lines 14--32
[]\OT1/cmr/m/n/10 Bromwich, D. H., Cas-sano, J. J., Klein, T., Heine-mann, G., 
Hines, K. M., Stef-fen, 
 []


Underfull \hbox (badness 10000) in paragraph at lines 44--62
[]\OT1/cmr/m/n/10 Collins, W. D., Rasch, P. J., Boville, B. A., Hack, J. J., Mc
-Caa, J. R., Williamson, 
 []


Underfull \hbox (badness 4108) in paragraph at lines 44--62
\OT1/cmr/m/n/10 D. L., ... Zhang, M.  (2006).  The for-mu-la-tion and at-mo-sph
eric sim-u-la-tion 
 []


Underfull \hbox (badness 10000) in paragraph at lines 44--62
\OT1/cmr/m/n/10 of the com-mu-nity at-mo-sphere model ver-sion 3 (cam3).  \OT1/
cmr/m/it/10 Jour-nal of Cli-mate\OT1/cmr/m/n/10 , 
 []

[5 <./figs/temp_tseries_GRIS.pdf> <./figs/temp_violens.pdf>]
Underfull \hbox (badness 10000) in paragraph at lines 78--94
[]\OT1/cmr/m/n/10 Herrington, A. R., Lau-ritzen, P. H., Reed, K. A., Gold-haber
, S., & Eaton, B. E. 
 []


Underfull \hbox (badness 2556) in paragraph at lines 108--126
[]\OT1/cmr/m/n/10 Jablonowski, C., & Williamson, D. L.  (2011).  The pros and c
ons of dif-fu-sion, fil- 
 []


Underfull \hbox (badness 10000) in paragraph at lines 108--126
\OT1/cmr/m/n/10 ters and fix-ers in at-mo-spheric gen-eral cir-cu-la-tion mod-e
ls., in: P.H. Lau-ritzen, 
 []


Underfull \hbox (badness 10000) in paragraph at lines 108--126
\OT1/cmr/m/n/10 R.D. Nair, C. Jablonowski, M. Tay-lor (Eds.), Nu-mer-i-cal tech
-niques for global 
 []


Underfull \hbox (badness 10000) in paragraph at lines 138--161
[]\OT1/cmr/m/n/10 Lauritzen, P. H., Nair, R., Her-ring-ton, A., Callaghan, P., 
Gold-haber, S., Den-nis, J., 
 []


Underfull \hbox (badness 10000) in paragraph at lines 138--161
\OT1/cmr/m/n/10 of the spectral-element dy-nam-i-cal core in dry-mass ver-ti-ca
l co-or-di-nates with 
 []


Underfull \hbox (badness 10000) in paragraph at lines 138--161
\OT1/cmr/m/n/10 com-pre-hen-sive treat-ment of con-den-sates and en-ergy.  \OT1
/cmr/m/it/10 J. Adv. Model. Earth 
 []


Underfull \hbox (badness 10000) in paragraph at lines 173--194
[]\OT1/cmr/m/n/10 Lauritzen, P. H., Tay-lor, M. A., Over-felt, J., Ull-rich, P.
 A., Nair, R. D., Gold-haber, 
 []


Underfull \hbox (badness 3068) in paragraph at lines 173--194
\OT1/cmr/m/n/10 S., & Kelly, R.  (2017).  CAM-SE-CSLAM: Con-sis-tent cou-pling 
of a con-ser- 
 []


Underfull \hbox (badness 10000) in paragraph at lines 173--194
\OT1/cmr/m/n/10 va-tive semi-lagrangian finite-volume method with spec-tral el-
e-ment dy-nam-ics. 
 []


Underfull \hbox (badness 3525) in paragraph at lines 232--244
[]\OT1/cmr/m/n/10 Putman, W. M., & Lin, S.-J.  (2007).  Finite-volume trans-por
t on var-i-ous cubed- 
 []


Underfull \hbox (badness 10000) in paragraph at lines 258--271
\OT1/cmr/m/n/10 y-ses: Arc-tic sys-tem re-anal-y-sis ver-sus era-interim.  \OT1
/cmr/m/it/10 Monthly Weather Re-view\OT1/cmr/m/n/10 , 
 []


Underfull \hbox (badness 10000) in paragraph at lines 283--304
[]\OT1/cmr/m/n/10 van Kam-p-en-hout, L., Rhoades, A. M., Her-ring-ton, A. R., Z
arzy-cki, C. M., Lenaerts, 
 []


Underfull \hbox (badness 10000) in paragraph at lines 283--304
\OT1/cmr/m/n/10 ment in an earth sys-tem model: Im-pacts on the sim-u-lated gre
en-land sur-face 
 []


Underfull \hbox (badness 3838) in paragraph at lines 316--328
[]\OT1/cmr/m/n/10 Williamson, D.  (2007).  The evo-lu-tion of dy-nam-i-cal core
s for global at-mo-spheric 
 []

) [6] (./arcticgrids.aux)

LaTeX Font Warning: Size substitutions with differences
(Font)              up to 0.45pt have occurred.

 ) 
Here is how much of TeX's memory you used:
 3312 strings out of 492616
 46248 string characters out of 6129482
 123666 words of memory out of 5000000
 7167 multiletter control sequences out of 15000+600000
 9589 words of font info for 34 fonts, out of 8000000 for 9000
 1147 hyphenation exceptions out of 8191
 43i,12n,37p,1634b,357s stack positions out of 5000i,500n,10000p,200000b,80000s
</usr/local/texlive/2019/texmf-dist/fonts/type1/public/amsfonts/cm/cmbx10.pfb
></usr/local/texlive/2019/texmf-dist/fonts/type1/public/amsfonts/cm/cmbx12.pfb>
</usr/local/texlive/2019/texmf-dist/fonts/type1/public/amsfonts/cm/cmbx9.pfb></
usr/local/texlive/2019/texmf-dist/fonts/type1/public/amsfonts/cm/cmbxti10.pfb><
/usr/local/texlive/2019/texmf-dist/fonts/type1/public/amsfonts/cm/cmmi10.pfb></
usr/local/texlive/2019/texmf-dist/fonts/type1/public/amsfonts/cm/cmr10.pfb></us
r/local/texlive/2019/texmf-dist/fonts/type1/public/amsfonts/cm/cmr6.pfb></usr/l
ocal/texlive/2019/texmf-dist/fonts/type1/public/amsfonts/cm/cmr7.pfb></usr/loca
l/texlive/2019/texmf-dist/fonts/type1/public/amsfonts/cm/cmr8.pfb></usr/local/t
exlive/2019/texmf-dist/fonts/type1/public/amsfonts/cm/cmr9.pfb></usr/local/texl
ive/2019/texmf-dist/fonts/type1/public/amsfonts/cm/cmss8.pfb></usr/local/texliv
e/2019/texmf-dist/fonts/type1/public/amsfonts/cm/cmsy10.pfb></usr/local/texlive
/2019/texmf-dist/fonts/type1/public/amsfonts/cm/cmsy5.pfb></usr/local/texlive/2
019/texmf-dist/fonts/type1/public/amsfonts/cm/cmsy7.pfb></usr/local/texlive/201
9/texmf-dist/fonts/type1/public/amsfonts/cm/cmti10.pfb></usr/local/texlive/2019
/texmf-dist/fonts/type1/public/amsfonts/cm/cmti9.pfb></usr/local/texlive/2019/t
exmf-dist/fonts/type1/public/amsfonts/cm/cmtt10.pfb></usr/local/texlive/2019/te
xmf-dist/fonts/type1/public/amsfonts/cm/cmtt9.pfb>
Output written on arcticgrids.pdf (6 pages, 2448972 bytes).
PDF statistics:
 160 PDF objects out of 1000 (max. 8388607)
 116 compressed objects within 2 object streams
 0 named destinations out of 1000 (max. 500000)
 41 words of extra memory for PDF output out of 10000 (max. 10000000)

